<?xml version='1.0' encoding='utf-8'?>
<testsuite name="h8bin_validator" tests="2" failures="1" time="0.0314"><testcase name="C:\hades\Hecton8\Assets\StreamingAssets\Hecton8\Audio\vocal_banks.h8bin" time="0" /><testcase name="C:\hades\Hecton8\Assets\StreamingAssets\Hecton8\DataMonolith\static_data.h8bin" time="0"><failure type="STATIC_DATA_MISSING" message="required Data Monolith payload is absent: C:\hades\Hecton8\Assets\StreamingAssets\Hecton8\DataMonolith\static_data.h8bin" /></testcase></testsuite>