<?xml version='1.0' encoding='utf-8'?>
<testsuite name="h8bin_validator" tests="5" failures="4" time="1.013045"><testcase name="C:\hades\Hecton8\Assets\StreamingAssets\Hecton8\Audio\vocal_banks.h8bin" time="0" /><testcase name="C:\hades\Hecton8\Assets\_Project\Scripts\Rendering\WaterOptics\WaterOpticsRuntime.cs" time="0"><failure type="RUNTIME_TEXT_STREAMINGASSETS_LOAD" message="Runtime C# source loads text from StreamingAssets: Assets/_Project/Scripts/Rendering/WaterOptics/WaterOpticsRuntime.cs:767: string path = Path.Combine(Application.streamingAssetsPath, &quot;Hecton8&quot;, &quot;water_optics_profiles.csv&quot;);" /></testcase><testcase name="C:\hades\Hecton8\Assets\_Project\Scripts\Visor\HectonVisorARStencilRendererFeature.cs" time="0"><failure type="RUNTIME_TEXT_STREAMINGASSETS_LOAD" message="Runtime C# source loads text from StreamingAssets: Assets/_Project/Scripts/Visor/HectonVisorARStencilRendererFeature.cs:166: private const string CsvProfileRelativePath = &quot;Assets/StreamingAssets/Hecton8/Visor/visor_hud_profiles.csv&quot;;" /></testcase><testcase name="C:\hades\Hecton8\Assets\_Project\Scripts\Visor\HectonVisorARStencilRendererFeature.cs" time="0"><failure type="RUNTIME_TEXT_STREAMINGASSETS_LOAD" message="Runtime C# source loads text from StreamingAssets: Assets/_Project/Scripts/Visor/HectonVisorARStencilRendererFeature.cs:802: string path = Path.Combine(Application.streamingAssetsPath, &quot;Hecton8&quot;, &quot;Visor&quot;, &quot;visor_hud_profiles.csv&quot;);" /></testcase><testcase name="C:\hades\Hecton8\Assets\StreamingAssets\Hecton8\DataMonolith\static_data.h8bin" time="0"><failure type="STATIC_DATA_MISSING" message="required Data Monolith payload is absent: C:\hades\Hecton8\Assets\StreamingAssets\Hecton8\DataMonolith\static_data.h8bin" /></testcase></testsuite>